<?xml version="1.0" encoding="UTF-8"?>
<!-- Generated by org.testng.reporters.JUnitReportReporter -->
<testsuite hostname="THBSLAPTOP-452" name="Dashboard.BranchManagement" tests="3" failures="0" timestamp="13 Jun 2019 12:06:39 GMT" time="0.007" errors="0">
  <testcase name="deleteBranch" time="0.001" classname="Dashboard.BranchManagement"/>
  <testcase name="createBranch" time="0.003" classname="Dashboard.BranchManagement"/>
  <testcase name="editBranch" time="0.003" classname="Dashboard.BranchManagement"/>
</testsuite> <!-- Dashboard.BranchManagement -->
