<?xml version="1.0" encoding="UTF-8"?>
<!-- Generated by org.testng.reporters.JUnitReportReporter -->
<testsuite hostname="THBSLAPTOP-452" name="ussd.BranchManagement" tests="3" failures="0" timestamp="13 Jun 2019 10:09:42 GMT" time="0.003" errors="0">
  <testcase name="ussdDeleteBranch" time="0.001" classname="ussd.BranchManagement"/>
  <testcase name="ussdEditBranch" time="0.001" classname="ussd.BranchManagement"/>
  <testcase name="ussdCreateBranch" time="0.001" classname="ussd.BranchManagement"/>
</testsuite> <!-- ussd.BranchManagement -->
