<?xml version="1.0" encoding="UTF-8"?>
<!-- Generated by org.testng.reporters.JUnitReportReporter -->
<testsuite hostname="THBSLAPTOP-452" name="Dashboard.UserManagement" tests="3" failures="0" timestamp="13 Jun 2019 12:06:39 GMT" time="0.013" errors="0">
  <testcase name="deleteUser" time="0.003" classname="Dashboard.UserManagement"/>
  <testcase name="createUser" time="0.007" classname="Dashboard.UserManagement"/>
  <testcase name="editUser" time="0.003" classname="Dashboard.UserManagement"/>
</testsuite> <!-- Dashboard.UserManagement -->
